<<<<<<< HEAD
2023-05-17 00:53:02,369 =============================================================
2023-05-17 00:53:02,369 =============================================================
2023-05-17 00:53:02,369 Today is 2023-05-17 at 12:53 AM
2023-05-17 00:53:02,385 This file is running on: nt Windows 10
2023-05-17 00:53:02,385 The Python version is: 3.11.3
2023-05-17 00:53:02,386 The active conda environment is:  None
2023-05-17 00:53:02,386 The active pip environment is:    None
2023-05-17 00:53:02,386 The active environment path is:   C:\Users\habto\AppData\Local\Programs\Python\Python311
2023-05-17 00:53:02,386 The current working directory is: C:\Users\habto\Desktop\NWMS classes\Data Fundamentals\Module=2\datafun-02-functions
2023-05-17 00:53:02,386 This source file is in:           c:\Users\habto\Desktop\NWMS classes\Data Fundamentals\Module=2\datafun-02-functions
2023-05-17 00:53:02,386 =============================================================
2023-05-17 00:53:02,386 =============================================================
=======
2023-05-16 22:16:34,807 =============================================================
2023-05-16 22:16:34,807 =============================================================
2023-05-16 22:16:34,807 Today is 2023-05-16 at 10:16 PM
2023-05-16 22:16:34,822 This file is running on: nt Windows 10
2023-05-16 22:16:34,824 The Python version is: 3.11.3
2023-05-16 22:16:34,824 The active conda environment is:  None
2023-05-16 22:16:34,824 The active pip environment is:    None
2023-05-16 22:16:34,824 The active environment path is:   C:\Users\habto\AppData\Local\Programs\Python\Python311
2023-05-16 22:16:34,824 The current working directory is: C:\Users\habto\Desktop\NWMS classes\Data Fundamentals\Module=2\datafun-02-functions
2023-05-16 22:16:34,825 This source file is in:           c:\Users\habto\Desktop\NWMS classes\Data Fundamentals\Module=2\datafun-02-functions
2023-05-16 22:16:34,825 =============================================================
2023-05-16 22:16:34,825 =============================================================
>>>>>>> 5e94a4cf41e1df2d3452783e9a25bcb3b69afb25
