2023-05-21 13:29:33,174 =============================================================
2023-05-21 13:29:33,174 =============================================================
2023-05-21 13:29:33,174 Today is 2023-05-21 at 01:29 PM
2023-05-21 13:29:33,193 This file is running on: nt Windows 10
2023-05-21 13:29:33,194 The Python version is: 3.11.3
2023-05-21 13:29:33,194 The active conda environment is:  None
2023-05-21 13:29:33,194 The active pip environment is:    None
2023-05-21 13:29:33,194 The active environment path is:   C:\Users\habto\AppData\Local\Programs\Python\Python311
2023-05-21 13:29:33,194 The current working directory is: C:\Users\habto\Desktop\NWMS classes\Data Fundamentals\Module=2\datafun-02-functions
2023-05-21 13:29:33,194 This source file is in:           c:\Users\habto\Desktop\NWMS classes\Data Fundamentals\Module=2\datafun-02-functions
2023-05-21 13:29:33,194 =============================================================
2023-05-21 13:29:33,194 =============================================================
2023-05-21 13:29:33,194 Created: NumericPopulationSeries with name=Kansas City Population, St.Louis Population, Springfield Population, units=Count, location=MO, and 3 data points: [502597, 302787, 168603]
2023-05-21 13:29:33,194 Created: NumericPopulationSeries with name=Wochita Population, Overland Park Population, Kansas city Population, units=Count, location=KS, and 3 data points: [394574, 195249, 155745]
2023-05-21 13:29:33,194 NumericPopulationSeries with name=Kansas City Population, St.Louis Population, Springfield Population, units=Count, location=MO, and 3 data points: [502597, 302787, 168603]
2023-05-21 13:29:33,194 Count: 3
2023-05-21 13:29:33,194 Sum: 973987
2023-05-21 13:29:33,194 Mean: 324662.3333333333
2023-05-21 13:29:33,194 Median: 302787
2023-05-21 13:29:33,194 ------------------
2023-05-21 13:29:33,194 NumericPopulationSeries with name=Wochita Population, Overland Park Population, Kansas city Population, units=Count, location=KS, and 3 data points: [394574, 195249, 155745]
2023-05-21 13:29:33,194 Count: 3
2023-05-21 13:29:33,194 Sum: 745568
2023-05-21 13:29:33,194 Mean: 248522.66666666666
2023-05-21 13:29:33,194 Median: 195249
2023-05-21 13:29:33,194 ------------------
